Start testing: Oct 19 09:22 +07
----------------------------------------------------------
1/18 Testing: CircularBufferTest.DefaultConstructor
1/18 Test: CircularBufferTest.DefaultConstructor
Command: "/home/rina/OOP-Task1/build/CircularBufferTests" "--gtest_filter=CircularBufferTest.DefaultConstructor" "--gtest_also_run_disabled_tests"
Directory: /home/rina/OOP-Task1/build
"CircularBufferTest.DefaultConstructor" start time: Oct 19 09:22 +07
Output:
----------------------------------------------------------
Running main() from /home/rina/OOP-Task1/build/_deps/googletest-src/googletest/src/gtest_main.cc
Note: Google Test filter = CircularBufferTest.DefaultConstructor
[==========] Running 1 test from 1 test suite.
[----------] Global test environment set-up.
[----------] 1 test from CircularBufferTest
[ RUN      ] CircularBufferTest.DefaultConstructor
[       OK ] CircularBufferTest.DefaultConstructor (0 ms)
[----------] 1 test from CircularBufferTest (0 ms total)

[----------] Global test environment tear-down
[==========] 1 test from 1 test suite ran. (0 ms total)
[  PASSED  ] 1 test.
<end of output>
Test time =   0.01 sec
----------------------------------------------------------
Test Passed.
"CircularBufferTest.DefaultConstructor" end time: Oct 19 09:22 +07
"CircularBufferTest.DefaultConstructor" time elapsed: 00:00:00
----------------------------------------------------------

2/18 Testing: CircularBufferTest.ConstructorWithCapacity
2/18 Test: CircularBufferTest.ConstructorWithCapacity
Command: "/home/rina/OOP-Task1/build/CircularBufferTests" "--gtest_filter=CircularBufferTest.ConstructorWithCapacity" "--gtest_also_run_disabled_tests"
Directory: /home/rina/OOP-Task1/build
"CircularBufferTest.ConstructorWithCapacity" start time: Oct 19 09:22 +07
Output:
----------------------------------------------------------
Running main() from /home/rina/OOP-Task1/build/_deps/googletest-src/googletest/src/gtest_main.cc
Note: Google Test filter = CircularBufferTest.ConstructorWithCapacity
[==========] Running 1 test from 1 test suite.
[----------] Global test environment set-up.
[----------] 1 test from CircularBufferTest
[ RUN      ] CircularBufferTest.ConstructorWithCapacity
[       OK ] CircularBufferTest.ConstructorWithCapacity (0 ms)
[----------] 1 test from CircularBufferTest (0 ms total)

[----------] Global test environment tear-down
[==========] 1 test from 1 test suite ran. (0 ms total)
[  PASSED  ] 1 test.
<end of output>
Test time =   0.01 sec
----------------------------------------------------------
Test Passed.
"CircularBufferTest.ConstructorWithCapacity" end time: Oct 19 09:22 +07
"CircularBufferTest.ConstructorWithCapacity" time elapsed: 00:00:00
----------------------------------------------------------

3/18 Testing: CircularBufferTest.ConstructorWithCapacityAndFill
3/18 Test: CircularBufferTest.ConstructorWithCapacityAndFill
Command: "/home/rina/OOP-Task1/build/CircularBufferTests" "--gtest_filter=CircularBufferTest.ConstructorWithCapacityAndFill" "--gtest_also_run_disabled_tests"
Directory: /home/rina/OOP-Task1/build
"CircularBufferTest.ConstructorWithCapacityAndFill" start time: Oct 19 09:22 +07
Output:
----------------------------------------------------------
Running main() from /home/rina/OOP-Task1/build/_deps/googletest-src/googletest/src/gtest_main.cc
Note: Google Test filter = CircularBufferTest.ConstructorWithCapacityAndFill
[==========] Running 1 test from 1 test suite.
[----------] Global test environment set-up.
[----------] 1 test from CircularBufferTest
[ RUN      ] CircularBufferTest.ConstructorWithCapacityAndFill
[       OK ] CircularBufferTest.ConstructorWithCapacityAndFill (0 ms)
[----------] 1 test from CircularBufferTest (0 ms total)

[----------] Global test environment tear-down
[==========] 1 test from 1 test suite ran. (0 ms total)
[  PASSED  ] 1 test.
<end of output>
Test time =   0.00 sec
----------------------------------------------------------
Test Passed.
"CircularBufferTest.ConstructorWithCapacityAndFill" end time: Oct 19 09:22 +07
"CircularBufferTest.ConstructorWithCapacityAndFill" time elapsed: 00:00:00
----------------------------------------------------------

4/18 Testing: CircularBufferTest.SwapBuffers
4/18 Test: CircularBufferTest.SwapBuffers
Command: "/home/rina/OOP-Task1/build/CircularBufferTests" "--gtest_filter=CircularBufferTest.SwapBuffers" "--gtest_also_run_disabled_tests"
Directory: /home/rina/OOP-Task1/build
"CircularBufferTest.SwapBuffers" start time: Oct 19 09:22 +07
Output:
----------------------------------------------------------
Running main() from /home/rina/OOP-Task1/build/_deps/googletest-src/googletest/src/gtest_main.cc
Note: Google Test filter = CircularBufferTest.SwapBuffers
[==========] Running 1 test from 1 test suite.
[----------] Global test environment set-up.
[----------] 1 test from CircularBufferTest
[ RUN      ] CircularBufferTest.SwapBuffers
[       OK ] CircularBufferTest.SwapBuffers (0 ms)
[----------] 1 test from CircularBufferTest (0 ms total)

[----------] Global test environment tear-down
[==========] 1 test from 1 test suite ran. (0 ms total)
[  PASSED  ] 1 test.
<end of output>
Test time =   0.01 sec
----------------------------------------------------------
Test Passed.
"CircularBufferTest.SwapBuffers" end time: Oct 19 09:22 +07
"CircularBufferTest.SwapBuffers" time elapsed: 00:00:00
----------------------------------------------------------

5/18 Testing: CircularBufferTest.ClearBuffer
5/18 Test: CircularBufferTest.ClearBuffer
Command: "/home/rina/OOP-Task1/build/CircularBufferTests" "--gtest_filter=CircularBufferTest.ClearBuffer" "--gtest_also_run_disabled_tests"
Directory: /home/rina/OOP-Task1/build
"CircularBufferTest.ClearBuffer" start time: Oct 19 09:22 +07
Output:
----------------------------------------------------------
Running main() from /home/rina/OOP-Task1/build/_deps/googletest-src/googletest/src/gtest_main.cc
Note: Google Test filter = CircularBufferTest.ClearBuffer
[==========] Running 1 test from 1 test suite.
[----------] Global test environment set-up.
[----------] 1 test from CircularBufferTest
[ RUN      ] CircularBufferTest.ClearBuffer
[       OK ] CircularBufferTest.ClearBuffer (0 ms)
[----------] 1 test from CircularBufferTest (0 ms total)

[----------] Global test environment tear-down
[==========] 1 test from 1 test suite ran. (0 ms total)
[  PASSED  ] 1 test.
<end of output>
Test time =   0.01 sec
----------------------------------------------------------
Test Passed.
"CircularBufferTest.ClearBuffer" end time: Oct 19 09:22 +07
"CircularBufferTest.ClearBuffer" time elapsed: 00:00:00
----------------------------------------------------------

6/18 Testing: CircularBufferTest.PushBack
6/18 Test: CircularBufferTest.PushBack
Command: "/home/rina/OOP-Task1/build/CircularBufferTests" "--gtest_filter=CircularBufferTest.PushBack" "--gtest_also_run_disabled_tests"
Directory: /home/rina/OOP-Task1/build
"CircularBufferTest.PushBack" start time: Oct 19 09:22 +07
Output:
----------------------------------------------------------
Running main() from /home/rina/OOP-Task1/build/_deps/googletest-src/googletest/src/gtest_main.cc
Note: Google Test filter = CircularBufferTest.PushBack
[==========] Running 1 test from 1 test suite.
[----------] Global test environment set-up.
[----------] 1 test from CircularBufferTest
[ RUN      ] CircularBufferTest.PushBack
[       OK ] CircularBufferTest.PushBack (0 ms)
[----------] 1 test from CircularBufferTest (0 ms total)

[----------] Global test environment tear-down
[==========] 1 test from 1 test suite ran. (0 ms total)
[  PASSED  ] 1 test.
<end of output>
Test time =   0.01 sec
----------------------------------------------------------
Test Passed.
"CircularBufferTest.PushBack" end time: Oct 19 09:22 +07
"CircularBufferTest.PushBack" time elapsed: 00:00:00
----------------------------------------------------------

7/18 Testing: CircularBufferTest.PushFront
7/18 Test: CircularBufferTest.PushFront
Command: "/home/rina/OOP-Task1/build/CircularBufferTests" "--gtest_filter=CircularBufferTest.PushFront" "--gtest_also_run_disabled_tests"
Directory: /home/rina/OOP-Task1/build
"CircularBufferTest.PushFront" start time: Oct 19 09:22 +07
Output:
----------------------------------------------------------
Running main() from /home/rina/OOP-Task1/build/_deps/googletest-src/googletest/src/gtest_main.cc
Note: Google Test filter = CircularBufferTest.PushFront
[==========] Running 1 test from 1 test suite.
[----------] Global test environment set-up.
[----------] 1 test from CircularBufferTest
[ RUN      ] CircularBufferTest.PushFront
[       OK ] CircularBufferTest.PushFront (0 ms)
[----------] 1 test from CircularBufferTest (0 ms total)

[----------] Global test environment tear-down
[==========] 1 test from 1 test suite ran. (0 ms total)
[  PASSED  ] 1 test.
<end of output>
Test time =   0.00 sec
----------------------------------------------------------
Test Passed.
"CircularBufferTest.PushFront" end time: Oct 19 09:22 +07
"CircularBufferTest.PushFront" time elapsed: 00:00:00
----------------------------------------------------------

8/18 Testing: CircularBufferTest.OverwriteOnPushBackWhenFull
8/18 Test: CircularBufferTest.OverwriteOnPushBackWhenFull
Command: "/home/rina/OOP-Task1/build/CircularBufferTests" "--gtest_filter=CircularBufferTest.OverwriteOnPushBackWhenFull" "--gtest_also_run_disabled_tests"
Directory: /home/rina/OOP-Task1/build
"CircularBufferTest.OverwriteOnPushBackWhenFull" start time: Oct 19 09:22 +07
Output:
----------------------------------------------------------
Running main() from /home/rina/OOP-Task1/build/_deps/googletest-src/googletest/src/gtest_main.cc
Note: Google Test filter = CircularBufferTest.OverwriteOnPushBackWhenFull
[==========] Running 1 test from 1 test suite.
[----------] Global test environment set-up.
[----------] 1 test from CircularBufferTest
[ RUN      ] CircularBufferTest.OverwriteOnPushBackWhenFull
[       OK ] CircularBufferTest.OverwriteOnPushBackWhenFull (0 ms)
[----------] 1 test from CircularBufferTest (0 ms total)

[----------] Global test environment tear-down
[==========] 1 test from 1 test suite ran. (0 ms total)
[  PASSED  ] 1 test.
<end of output>
Test time =   0.01 sec
----------------------------------------------------------
Test Passed.
"CircularBufferTest.OverwriteOnPushBackWhenFull" end time: Oct 19 09:22 +07
"CircularBufferTest.OverwriteOnPushBackWhenFull" time elapsed: 00:00:00
----------------------------------------------------------

9/18 Testing: CircularBufferTest.PopBack
9/18 Test: CircularBufferTest.PopBack
Command: "/home/rina/OOP-Task1/build/CircularBufferTests" "--gtest_filter=CircularBufferTest.PopBack" "--gtest_also_run_disabled_tests"
Directory: /home/rina/OOP-Task1/build
"CircularBufferTest.PopBack" start time: Oct 19 09:22 +07
Output:
----------------------------------------------------------
Running main() from /home/rina/OOP-Task1/build/_deps/googletest-src/googletest/src/gtest_main.cc
Note: Google Test filter = CircularBufferTest.PopBack
[==========] Running 1 test from 1 test suite.
[----------] Global test environment set-up.
[----------] 1 test from CircularBufferTest
[ RUN      ] CircularBufferTest.PopBack
[       OK ] CircularBufferTest.PopBack (0 ms)
[----------] 1 test from CircularBufferTest (0 ms total)

[----------] Global test environment tear-down
[==========] 1 test from 1 test suite ran. (0 ms total)
[  PASSED  ] 1 test.
<end of output>
Test time =   0.01 sec
----------------------------------------------------------
Test Passed.
"CircularBufferTest.PopBack" end time: Oct 19 09:22 +07
"CircularBufferTest.PopBack" time elapsed: 00:00:00
----------------------------------------------------------

10/18 Testing: CircularBufferTest.PopFront
10/18 Test: CircularBufferTest.PopFront
Command: "/home/rina/OOP-Task1/build/CircularBufferTests" "--gtest_filter=CircularBufferTest.PopFront" "--gtest_also_run_disabled_tests"
Directory: /home/rina/OOP-Task1/build
"CircularBufferTest.PopFront" start time: Oct 19 09:22 +07
Output:
----------------------------------------------------------
Running main() from /home/rina/OOP-Task1/build/_deps/googletest-src/googletest/src/gtest_main.cc
Note: Google Test filter = CircularBufferTest.PopFront
[==========] Running 1 test from 1 test suite.
[----------] Global test environment set-up.
[----------] 1 test from CircularBufferTest
[ RUN      ] CircularBufferTest.PopFront
[       OK ] CircularBufferTest.PopFront (0 ms)
[----------] 1 test from CircularBufferTest (0 ms total)

[----------] Global test environment tear-down
[==========] 1 test from 1 test suite ran. (0 ms total)
[  PASSED  ] 1 test.
<end of output>
Test time =   0.01 sec
----------------------------------------------------------
Test Passed.
"CircularBufferTest.PopFront" end time: Oct 19 09:22 +07
"CircularBufferTest.PopFront" time elapsed: 00:00:00
----------------------------------------------------------

11/18 Testing: CircularBufferTest.AccessOutOfRange
11/18 Test: CircularBufferTest.AccessOutOfRange
Command: "/home/rina/OOP-Task1/build/CircularBufferTests" "--gtest_filter=CircularBufferTest.AccessOutOfRange" "--gtest_also_run_disabled_tests"
Directory: /home/rina/OOP-Task1/build
"CircularBufferTest.AccessOutOfRange" start time: Oct 19 09:22 +07
Output:
----------------------------------------------------------
Running main() from /home/rina/OOP-Task1/build/_deps/googletest-src/googletest/src/gtest_main.cc
Note: Google Test filter = CircularBufferTest.AccessOutOfRange
[==========] Running 1 test from 1 test suite.
[----------] Global test environment set-up.
[----------] 1 test from CircularBufferTest
[ RUN      ] CircularBufferTest.AccessOutOfRange
[       OK ] CircularBufferTest.AccessOutOfRange (0 ms)
[----------] 1 test from CircularBufferTest (0 ms total)

[----------] Global test environment tear-down
[==========] 1 test from 1 test suite ran. (0 ms total)
[  PASSED  ] 1 test.
<end of output>
Test time =   0.01 sec
----------------------------------------------------------
Test Passed.
"CircularBufferTest.AccessOutOfRange" end time: Oct 19 09:22 +07
"CircularBufferTest.AccessOutOfRange" time elapsed: 00:00:00
----------------------------------------------------------

12/18 Testing: CircularBufferTest.ResizeLarger
12/18 Test: CircularBufferTest.ResizeLarger
Command: "/home/rina/OOP-Task1/build/CircularBufferTests" "--gtest_filter=CircularBufferTest.ResizeLarger" "--gtest_also_run_disabled_tests"
Directory: /home/rina/OOP-Task1/build
"CircularBufferTest.ResizeLarger" start time: Oct 19 09:22 +07
Output:
----------------------------------------------------------
Running main() from /home/rina/OOP-Task1/build/_deps/googletest-src/googletest/src/gtest_main.cc
Note: Google Test filter = CircularBufferTest.ResizeLarger
[==========] Running 1 test from 1 test suite.
[----------] Global test environment set-up.
[----------] 1 test from CircularBufferTest
[ RUN      ] CircularBufferTest.ResizeLarger
[       OK ] CircularBufferTest.ResizeLarger (0 ms)
[----------] 1 test from CircularBufferTest (0 ms total)

[----------] Global test environment tear-down
[==========] 1 test from 1 test suite ran. (0 ms total)
[  PASSED  ] 1 test.
<end of output>
Test time =   0.01 sec
----------------------------------------------------------
Test Passed.
"CircularBufferTest.ResizeLarger" end time: Oct 19 09:22 +07
"CircularBufferTest.ResizeLarger" time elapsed: 00:00:00
----------------------------------------------------------

13/18 Testing: CircularBufferTest.ResizeSmoller
13/18 Test: CircularBufferTest.ResizeSmoller
Command: "/home/rina/OOP-Task1/build/CircularBufferTests" "--gtest_filter=CircularBufferTest.ResizeSmoller" "--gtest_also_run_disabled_tests"
Directory: /home/rina/OOP-Task1/build
"CircularBufferTest.ResizeSmoller" start time: Oct 19 09:22 +07
Output:
----------------------------------------------------------
Running main() from /home/rina/OOP-Task1/build/_deps/googletest-src/googletest/src/gtest_main.cc
Note: Google Test filter = CircularBufferTest.ResizeSmoller
[==========] Running 1 test from 1 test suite.
[----------] Global test environment set-up.
[----------] 1 test from CircularBufferTest
[ RUN      ] CircularBufferTest.ResizeSmoller
[       OK ] CircularBufferTest.ResizeSmoller (0 ms)
[----------] 1 test from CircularBufferTest (0 ms total)

[----------] Global test environment tear-down
[==========] 1 test from 1 test suite ran. (0 ms total)
[  PASSED  ] 1 test.
<end of output>
Test time =   0.00 sec
----------------------------------------------------------
Test Passed.
"CircularBufferTest.ResizeSmoller" end time: Oct 19 09:22 +07
"CircularBufferTest.ResizeSmoller" time elapsed: 00:00:00
----------------------------------------------------------

14/18 Testing: CircularBufferTest.EqualityOperator
14/18 Test: CircularBufferTest.EqualityOperator
Command: "/home/rina/OOP-Task1/build/CircularBufferTests" "--gtest_filter=CircularBufferTest.EqualityOperator" "--gtest_also_run_disabled_tests"
Directory: /home/rina/OOP-Task1/build
"CircularBufferTest.EqualityOperator" start time: Oct 19 09:22 +07
Output:
----------------------------------------------------------
Running main() from /home/rina/OOP-Task1/build/_deps/googletest-src/googletest/src/gtest_main.cc
Note: Google Test filter = CircularBufferTest.EqualityOperator
[==========] Running 1 test from 1 test suite.
[----------] Global test environment set-up.
[----------] 1 test from CircularBufferTest
[ RUN      ] CircularBufferTest.EqualityOperator
[       OK ] CircularBufferTest.EqualityOperator (0 ms)
[----------] 1 test from CircularBufferTest (0 ms total)

[----------] Global test environment tear-down
[==========] 1 test from 1 test suite ran. (0 ms total)
[  PASSED  ] 1 test.
<end of output>
Test time =   0.01 sec
----------------------------------------------------------
Test Passed.
"CircularBufferTest.EqualityOperator" end time: Oct 19 09:22 +07
"CircularBufferTest.EqualityOperator" time elapsed: 00:00:00
----------------------------------------------------------

15/18 Testing: CircularBufferTest.InequalityOperator
15/18 Test: CircularBufferTest.InequalityOperator
Command: "/home/rina/OOP-Task1/build/CircularBufferTests" "--gtest_filter=CircularBufferTest.InequalityOperator" "--gtest_also_run_disabled_tests"
Directory: /home/rina/OOP-Task1/build
"CircularBufferTest.InequalityOperator" start time: Oct 19 09:22 +07
Output:
----------------------------------------------------------
Running main() from /home/rina/OOP-Task1/build/_deps/googletest-src/googletest/src/gtest_main.cc
Note: Google Test filter = CircularBufferTest.InequalityOperator
[==========] Running 1 test from 1 test suite.
[----------] Global test environment set-up.
[----------] 1 test from CircularBufferTest
[ RUN      ] CircularBufferTest.InequalityOperator
[       OK ] CircularBufferTest.InequalityOperator (0 ms)
[----------] 1 test from CircularBufferTest (0 ms total)

[----------] Global test environment tear-down
[==========] 1 test from 1 test suite ran. (0 ms total)
[  PASSED  ] 1 test.
<end of output>
Test time =   0.01 sec
----------------------------------------------------------
Test Passed.
"CircularBufferTest.InequalityOperator" end time: Oct 19 09:22 +07
"CircularBufferTest.InequalityOperator" time elapsed: 00:00:00
----------------------------------------------------------

16/18 Testing: CircularBufferTest.SetCapacity
16/18 Test: CircularBufferTest.SetCapacity
Command: "/home/rina/OOP-Task1/build/CircularBufferTests" "--gtest_filter=CircularBufferTest.SetCapacity" "--gtest_also_run_disabled_tests"
Directory: /home/rina/OOP-Task1/build
"CircularBufferTest.SetCapacity" start time: Oct 19 09:22 +07
Output:
----------------------------------------------------------
Running main() from /home/rina/OOP-Task1/build/_deps/googletest-src/googletest/src/gtest_main.cc
Note: Google Test filter = CircularBufferTest.SetCapacity
[==========] Running 1 test from 1 test suite.
[----------] Global test environment set-up.
[----------] 1 test from CircularBufferTest
[ RUN      ] CircularBufferTest.SetCapacity
[       OK ] CircularBufferTest.SetCapacity (0 ms)
[----------] 1 test from CircularBufferTest (0 ms total)

[----------] Global test environment tear-down
[==========] 1 test from 1 test suite ran. (0 ms total)
[  PASSED  ] 1 test.
<end of output>
Test time =   0.01 sec
----------------------------------------------------------
Test Passed.
"CircularBufferTest.SetCapacity" end time: Oct 19 09:22 +07
"CircularBufferTest.SetCapacity" time elapsed: 00:00:00
----------------------------------------------------------

17/18 Testing: CircularBufferTest.InsertElement
17/18 Test: CircularBufferTest.InsertElement
Command: "/home/rina/OOP-Task1/build/CircularBufferTests" "--gtest_filter=CircularBufferTest.InsertElement" "--gtest_also_run_disabled_tests"
Directory: /home/rina/OOP-Task1/build
"CircularBufferTest.InsertElement" start time: Oct 19 09:22 +07
Output:
----------------------------------------------------------
Running main() from /home/rina/OOP-Task1/build/_deps/googletest-src/googletest/src/gtest_main.cc
Note: Google Test filter = CircularBufferTest.InsertElement
[==========] Running 1 test from 1 test suite.
[----------] Global test environment set-up.
[----------] 1 test from CircularBufferTest
[ RUN      ] CircularBufferTest.InsertElement
[       OK ] CircularBufferTest.InsertElement (0 ms)
[----------] 1 test from CircularBufferTest (0 ms total)

[----------] Global test environment tear-down
[==========] 1 test from 1 test suite ran. (0 ms total)
[  PASSED  ] 1 test.
<end of output>
Test time =   0.01 sec
----------------------------------------------------------
Test Passed.
"CircularBufferTest.InsertElement" end time: Oct 19 09:22 +07
"CircularBufferTest.InsertElement" time elapsed: 00:00:00
----------------------------------------------------------

18/18 Testing: CircularBufferTest.EraseElements
18/18 Test: CircularBufferTest.EraseElements
Command: "/home/rina/OOP-Task1/build/CircularBufferTests" "--gtest_filter=CircularBufferTest.EraseElements" "--gtest_also_run_disabled_tests"
Directory: /home/rina/OOP-Task1/build
"CircularBufferTest.EraseElements" start time: Oct 19 09:22 +07
Output:
----------------------------------------------------------
Running main() from /home/rina/OOP-Task1/build/_deps/googletest-src/googletest/src/gtest_main.cc
Note: Google Test filter = CircularBufferTest.EraseElements
[==========] Running 1 test from 1 test suite.
[----------] Global test environment set-up.
[----------] 1 test from CircularBufferTest
[ RUN      ] CircularBufferTest.EraseElements
[       OK ] CircularBufferTest.EraseElements (0 ms)
[----------] 1 test from CircularBufferTest (0 ms total)

[----------] Global test environment tear-down
[==========] 1 test from 1 test suite ran. (0 ms total)
[  PASSED  ] 1 test.
<end of output>
Test time =   0.01 sec
----------------------------------------------------------
Test Passed.
"CircularBufferTest.EraseElements" end time: Oct 19 09:22 +07
"CircularBufferTest.EraseElements" time elapsed: 00:00:00
----------------------------------------------------------

End testing: Oct 19 09:22 +07
